<?xml version="1.0" encoding="UTF-8"?>
<!-- Generated by org.testng.reporters.JUnitReportReporter -->
<testsuite hostname="DESKTOP-HQ92C6H" failures="0" tests="1" name="helloworld.TestHelloWorld" time="0.020" errors="0" timestamp="2024-07-16T19:56:58 BST" skipped="0">
  <testcase classname="helloworld.TestHelloWorld" name="testHelloWorld" time="0.020"/>
</testsuite> <!-- helloworld.TestHelloWorld -->
